<?xml version="1.0" encoding="UTF-8"?>
<!-- Generated by org.testng.reporters.JUnitXMLReporter -->
<testsuite ignored="0" hostname="LAPTOP-9A7MS6L6" failures="0" tests="1" name="Default test" time="0.161" errors="0" timestamp="2020-11-14T00:22:02 IST">
  <testcase classname="testclass_package.TC_loginpage" name="@BeforeTest openbrowser" time="-1.605293521935E9">
    <failure type="org.testng.TestNGException" message="
Parameter &amp;apos;browser&amp;apos; is required by BeforeTest on method openbrowser but has not been marked @Optional or defined
in C:\Users\shubh\AppData\Local\Temp\testng-eclipse--627608938\testng-customsuite.xml">
      <![CDATA[org.testng.TestNGException: 
Parameter 'browser' is required by BeforeTest on method openbrowser but has not been marked @Optional or defined
in C:\Users\shubh\AppData\Local\Temp\testng-eclipse--627608938\testng-customsuite.xml
at org.testng.internal.Parameters.createParams(Parameters.java:268)
at org.testng.internal.Parameters.createParametersForMethod(Parameters.java:356)
at org.testng.internal.Parameters.createParameters(Parameters.java:700)
at org.testng.internal.Parameters.createConfigurationParameters(Parameters.java:166)
at org.testng.internal.ConfigInvoker.invokeConfigurations(ConfigInvoker.java:301)
at org.testng.TestRunner.invokeTestConfigurations(TestRunner.java:617)
at org.testng.TestRunner.beforeRun(TestRunner.java:607)
at org.testng.TestRunner.run(TestRunner.java:578)
at org.testng.SuiteRunner.runTest(SuiteRunner.java:384)
at org.testng.SuiteRunner.runSequentially(SuiteRunner.java:378)
at org.testng.SuiteRunner.privateRun(SuiteRunner.java:337)
at org.testng.SuiteRunner.run(SuiteRunner.java:286)
at org.testng.SuiteRunnerWorker.runSuite(SuiteRunnerWorker.java:53)
at org.testng.SuiteRunnerWorker.run(SuiteRunnerWorker.java:96)
at org.testng.TestNG.runSuitesSequentially(TestNG.java:1218)
at org.testng.TestNG.runSuitesLocally(TestNG.java:1140)
at org.testng.TestNG.runSuites(TestNG.java:1069)
at org.testng.TestNG.run(TestNG.java:1037)
at org.testng.remote.AbstractRemoteTestNG.run(AbstractRemoteTestNG.java:115)
at org.testng.remote.RemoteTestNG.initAndRun(RemoteTestNG.java:251)
at org.testng.remote.RemoteTestNG.main(RemoteTestNG.java:77)
]]>
    </failure>
  </testcase> <!-- @BeforeTest openbrowser -->
  <testcase classname="testclass_package.TC_loginpage" name="@BeforeClass launchurl" time="-1.605293521998E9">
    <skipped/>
  </testcase> <!-- @BeforeClass launchurl -->
  <testcase classname="testclass_package.TC_loginpage" name="@BeforeMethod kl" time="-1.605293522041E9">
    <skipped/>
  </testcase> <!-- @BeforeMethod kl -->
  <testcase classname="testclass_package.TC_loginpage" name="@AfterMethod aftermethod" time="-1.605293522061E9">
    <skipped/>
  </testcase> <!-- @AfterMethod aftermethod -->
  <testcase classname="testclass_package.TC_loginpage" name="@AfterClass afterclass" time="-1.605293522068E9">
    <skipped/>
  </testcase> <!-- @AfterClass afterclass -->
  <testcase classname="testclass_package.TC_loginpage" name="@AfterTest close" time="-1.605293522076E9">
    <skipped/>
  </testcase> <!-- @AfterTest close -->
  <testcase classname="testclass_package.TC_loginpage" name="login" time="0.0">
    <skipped/>
  </testcase> <!-- login -->
</testsuite> <!-- Default test -->
